<?xml version="1.0" encoding="UTF-8"?>
<!-- Generated by org.testng.reporters.JUnitXMLReporter -->
<testsuite ignored="0" hostname="DESKTOP-M2EV9O3" failures="0" tests="2" name="Test Cucumber Login CMS" time="12.78" errors="0" timestamp="2024-08-12T10:58:41 ICT">
  <testcase classname="io.cucumber.testng.AbstractTestNGCucumberTests" name="runScenario" time="4.712"/>
  <testcase classname="io.cucumber.testng.AbstractTestNGCucumberTests" name="runScenario" time="2.554"/>
</testsuite> <!-- Test Cucumber Login CMS -->
