<?xml version="1.0" encoding="UTF-8"?>
<testng-results ignored="0" total="2" passed="2" failed="0" skipped="0">
  <reporter-output>
  </reporter-output>
  <suite started-at="2024-08-12T10:58:28 ICT" name="Suite Cucumber" finished-at="2024-08-12T10:58:41 ICT" duration-ms="12780">
    <groups>
      <group name="cucumber">
        <method signature="AbstractTestNGCucumberTests.runScenario(io.cucumber.testng.PickleWrapper,io.cucumber.testng.FeatureWrapper)[pri:0, instance:com.cucumber.runners.TestRunnerLoginCMS@34dc85a]" name="runScenario" class="io.cucumber.testng.AbstractTestNGCucumberTests"/>
      </group> <!-- cucumber -->
    </groups>
    <test started-at="2024-08-12T10:58:28 ICT" name="Test Cucumber Login CMS" finished-at="2024-08-12T10:58:41 ICT" duration-ms="12780">
      <class name="com.cucumber.runners.TestRunnerLoginCMS">
        <test-method is-config="true" signature="setUpClass(org.testng.ITestContext)[pri:0, instance:com.cucumber.runners.TestRunnerLoginCMS@34dc85a]" started-at="2024-08-12T10:58:28 ICT" name="setUpClass" finished-at="2024-08-12T10:58:30 ICT" duration-ms="2403" status="PASS">
          <params>
            <param index="0">
              <value>
                <![CDATA[org.testng.TestRunner@4ba6b5eb]]>
              </value>
            </param>
          </params>
          <reporter-output>
          </reporter-output>
        </test-method> <!-- setUpClass -->
        <test-method signature="runScenario(io.cucumber.testng.PickleWrapper,io.cucumber.testng.FeatureWrapper)[pri:0, instance:com.cucumber.runners.TestRunnerLoginCMS@34dc85a]" started-at="2024-08-12T10:58:30 ICT" name="runScenario" description="Runs Cucumber Scenarios" data-provider="scenarios" finished-at="2024-08-12T10:58:35 ICT" duration-ms="4712" status="PASS">
          <params>
            <param index="0">
              <value>
                <![CDATA["Login success"]]>
              </value>
            </param>
            <param index="1">
              <value>
                <![CDATA["Login Test CMS"]]>
              </value>
            </param>
          </params>
          <reporter-output>
          </reporter-output>
        </test-method> <!-- runScenario -->
        <test-method signature="runScenario(io.cucumber.testng.PickleWrapper,io.cucumber.testng.FeatureWrapper)[pri:0, instance:com.cucumber.runners.TestRunnerLoginCMS@34dc85a]" started-at="2024-08-12T10:58:35 ICT" name="runScenario" description="Runs Cucumber Scenarios" data-provider="scenarios" finished-at="2024-08-12T10:58:38 ICT" duration-ms="2554" status="PASS">
          <params>
            <param index="0">
              <value>
                <![CDATA["Login failed"]]>
              </value>
            </param>
            <param index="1">
              <value>
                <![CDATA["Login Test CMS"]]>
              </value>
            </param>
          </params>
          <reporter-output>
          </reporter-output>
        </test-method> <!-- runScenario -->
        <test-method is-config="true" signature="tearDownClass()[pri:0, instance:com.cucumber.runners.TestRunnerLoginCMS@34dc85a]" started-at="2024-08-12T10:58:38 ICT" name="tearDownClass" finished-at="2024-08-12T10:58:41 ICT" duration-ms="3016" status="PASS">
          <reporter-output>
          </reporter-output>
        </test-method> <!-- tearDownClass -->
      </class> <!-- com.cucumber.runners.TestRunnerLoginCMS -->
    </test> <!-- Test Cucumber Login CMS -->
  </suite> <!-- Suite Cucumber -->
</testng-results>
