<?xml version="1.0" encoding="UTF-8"?>
<testsuite xmlns:xsi="http://www.w3.org/2001/XMLSchema-instance" xsi:noNamespaceSchemaLocation="https://maven.apache.org/surefire/maven-surefire-plugin/xsd/surefire-test-report.xsd" version="3.0.2" name="TestSuite" time="14.345" tests="2" errors="0" skipped="0" failures="0">
  <properties>
[...]
</properties>
  <testcase name="runScenario[&quot;Login success&quot;, &quot;Login Test CMS&quot;](1)" classname="com.cucumber.runners.TestRunnerLoginCMS" time="4.707"/>
  <testcase name="runScenario[&quot;Login failed&quot;, &quot;Login Test CMS&quot;](2)" classname="com.cucumber.runners.TestRunnerLoginCMS" time="2.553"/>
</testsuite>